<?xml version="1.0" encoding="UTF-8"?>
<!-- Generated by org.testng.reporters.JUnitReportReporter -->
<testsuite hostname="Rajesh" failures="0" tests="50" name="cucumber.TestRunner" time="30.914" errors="0" timestamp="2024-02-17T08:04:27 EST" skipped="0">
  <testcase classname="cucumber.TestRunner" name="runScenario" time="0.710"/>
  <testcase classname="cucumber.TestRunner" name="runScenario" time="0.299"/>
  <testcase classname="cucumber.TestRunner" name="runScenario" time="0.272"/>
  <testcase classname="cucumber.TestRunner" name="runScenario" time="0.723"/>
  <testcase classname="cucumber.TestRunner" name="runScenario" time="0.247"/>
  <testcase classname="cucumber.TestRunner" name="runScenario" time="0.730"/>
  <testcase classname="cucumber.TestRunner" name="runScenario" time="0.693"/>
  <testcase classname="cucumber.TestRunner" name="runScenario" time="0.285"/>
  <testcase classname="cucumber.TestRunner" name="runScenario" time="0.728"/>
  <testcase classname="cucumber.TestRunner" name="runScenario" time="0.729"/>
  <testcase classname="cucumber.TestRunner" name="runScenario" time="0.267"/>
  <testcase classname="cucumber.TestRunner" name="runScenario" time="2.672"/>
  <testcase classname="cucumber.TestRunner" name="runScenario" time="0.729"/>
  <testcase classname="cucumber.TestRunner" name="runScenario" time="0.251"/>
  <testcase classname="cucumber.TestRunner" name="runScenario" time="0.780"/>
  <testcase classname="cucumber.TestRunner" name="runScenario" time="0.698"/>
  <testcase classname="cucumber.TestRunner" name="runScenario" time="0.737"/>
  <testcase classname="cucumber.TestRunner" name="runScenario" time="0.783"/>
  <testcase classname="cucumber.TestRunner" name="runScenario" time="0.782"/>
  <testcase classname="cucumber.TestRunner" name="runScenario" time="0.758"/>
  <testcase classname="cucumber.TestRunner" name="runScenario" time="0.294"/>
  <testcase classname="cucumber.TestRunner" name="runScenario" time="0.274"/>
  <testcase classname="cucumber.TestRunner" name="runScenario" time="0.282"/>
  <testcase classname="cucumber.TestRunner" name="runScenario" time="0.281"/>
  <testcase classname="cucumber.TestRunner" name="runScenario" time="0.711"/>
  <testcase classname="cucumber.TestRunner" name="runScenario" time="0.303"/>
  <testcase classname="cucumber.TestRunner" name="runScenario" time="0.682"/>
  <testcase classname="cucumber.TestRunner" name="runScenario" time="0.295"/>
  <testcase classname="cucumber.TestRunner" name="runScenario" time="0.301"/>
  <testcase classname="cucumber.TestRunner" name="runScenario" time="0.278"/>
  <testcase classname="cucumber.TestRunner" name="runScenario" time="0.764"/>
  <testcase classname="cucumber.TestRunner" name="runScenario" time="0.274"/>
  <testcase classname="cucumber.TestRunner" name="runScenario" time="0.270"/>
  <testcase classname="cucumber.TestRunner" name="runScenario" time="0.759"/>
  <testcase classname="cucumber.TestRunner" name="runScenario" time="0.273"/>
  <testcase classname="cucumber.TestRunner" name="runScenario" time="0.706"/>
  <testcase classname="cucumber.TestRunner" name="runScenario" time="0.307"/>
  <testcase classname="cucumber.TestRunner" name="runScenario" time="0.714"/>
  <testcase classname="cucumber.TestRunner" name="runScenario" time="0.719"/>
  <testcase classname="cucumber.TestRunner" name="runScenario" time="0.703"/>
  <testcase classname="cucumber.TestRunner" name="runScenario" time="2.608"/>
  <testcase classname="cucumber.TestRunner" name="runScenario" time="0.262"/>
  <testcase classname="cucumber.TestRunner" name="runScenario" time="0.750"/>
  <testcase classname="cucumber.TestRunner" name="runScenario" time="0.724"/>
  <testcase classname="cucumber.TestRunner" name="runScenario" time="0.723"/>
  <testcase classname="cucumber.TestRunner" name="runScenario" time="0.749"/>
  <testcase classname="cucumber.TestRunner" name="runScenario" time="0.805"/>
  <testcase classname="cucumber.TestRunner" name="runScenario" time="0.263"/>
  <testcase classname="cucumber.TestRunner" name="runScenario" time="0.721"/>
  <testcase classname="cucumber.TestRunner" name="runScenario" time="0.246"/>
</testsuite> <!-- cucumber.TestRunner -->
